<?xml version="1.0" encoding="UTF-8"?>
<testng-results ignored="0" total="1" passed="1" failed="0" skipped="0">
  <reporter-output>
  </reporter-output>
  <suite started-at="2023-05-18T19:02:15 IST" name="Default suite" finished-at="2023-05-18T19:02:22 IST" duration-ms="6959">
    <groups>
    </groups>
    <test started-at="2023-05-18T19:02:15 IST" name="Default test" finished-at="2023-05-18T19:02:22 IST" duration-ms="6959">
      <class name="com.banking.master.Exepom">
        <test-method signature="pom()[pri:0, instance:com.banking.master.Exepom@3cc2931c]" started-at="2023-05-18T19:02:15 IST" name="pom" finished-at="2023-05-18T19:02:22 IST" duration-ms="6923" status="PASS">
          <reporter-output>
          </reporter-output>
        </test-method> <!-- pom -->
      </class> <!-- com.banking.master.Exepom -->
    </test> <!-- Default test -->
  </suite> <!-- Default suite -->
</testng-results>
